2023-12-01 19:34:58,271 [INFO] Activator:179 - 


2023-12-01 19:34:58,272 [INFO] Activator:180 - !SESSION log4j initialized
2023-12-01 19:35:02,362 [ERROR] ConfigurationRetriever:140 - IOException on connection: citools.st.com
2023-12-01 19:35:02,465 [ERROR] ConfigurationRetriever:140 - IOException on connection: citools.st.com
2023-12-01 19:35:02,465 [ERROR] ConfigurationRetriever:140 - IOException on connection: citools.st.com
2023-12-01 19:35:20,097 [ERROR] LogOutputStream:74 - [STDERR_REDIRECT] SLF4J: Failed to load class "org.slf4j.impl.StaticLoggerBinder".
2023-12-01 19:35:20,098 [ERROR] LogOutputStream:74 - [STDERR_REDIRECT] SLF4J: Defaulting to no-operation (NOP) logger implementation
2023-12-01 19:35:20,103 [ERROR] LogOutputStream:74 - [STDERR_REDIRECT] SLF4J: See http://www.slf4j.org/codes.html#StaticLoggerBinder for further details.
2023-12-01 19:36:30,706 [ERROR] ConfigurationRetriever:140 - IOException on connection: citools.st.com
2023-12-01 19:36:30,707 [ERROR] ConfigurationRetriever:140 - IOException on connection: citools.st.com
2023-12-01 19:36:30,710 [ERROR] ConfigurationRetriever:140 - IOException on connection: citools.st.com
2023-12-01 19:38:20,560 [ERROR] ApiDbMcu:1619 - Can't use Application install path:
2023-12-01 19:38:23,019 [WARN] RulesReader:63 - Compatibility file://mcu/compatibility.xml not found
2023-12-01 19:38:55,381 [INFO] McuFinderGlobals:52 - Set McuFinder mode to 2 (CubeIDE integrated)
2023-12-01 19:38:57,390 [INFO] ApplicationProperties:181 - Using Application install path: C:\ST\STM32CubeIDE_1.10.1\STM32CubeIDE\plugins\com.st.stm32cube.common.mx_6.7.0.202301130839
2023-12-01 19:38:57,402 [INFO] DbMcusXml:77 - Set database path to: C:\ST\STM32CubeIDE_1.10.1\STM32CubeIDE\plugins\com.st.stm32cube.common.mx_6.7.0.202301130839\\db\/mcu/
2023-12-01 19:38:57,403 [INFO] ApiDb:273 - Set plugin database path to: C:\ST\STM32CubeIDE_1.10.1\STM32CubeIDE\plugins\com.st.stm32cube.common.mx_6.7.0.202301130839\\db\/plugins/boardmanager/
2023-12-01 19:38:57,405 [WARN] ApiDb:258 - Overriding images path with different value:  => C:\ST\STM32CubeIDE_1.10.1\STM32CubeIDE\plugins\com.st.stm32cube.common.mx_6.7.0.202301130839\\db\/plugins/mcufinder/images/
2023-12-01 19:38:57,432 [INFO] ApiDb:249 - Set database path to: C:\Users\zashr\.stmcufinder\plugins\mcufinder//mcu/
2023-12-01 19:38:57,434 [INFO] DbMcusAds:124 - Set database path to: C:\Users\zashr\.stmcufinder\plugins\mcufinder//mcu/
2023-12-01 19:38:57,520 [INFO] CrossReferenceDbSqlite:202 - Set database path to: C:\Users\zashr\.stmcufinder\plugins\mcufinder//mcu/cs/
2023-12-01 19:38:57,610 [INFO] DbMcusXml:77 - Set database path to: C:\ST\STM32CubeIDE_1.10.1\STM32CubeIDE\plugins\com.st.stm32cube.common.mx_6.7.0.202301130839\\db\/mcu/
2023-12-01 19:38:57,610 [INFO] ApiDb:273 - Set plugin database path to: C:\ST\STM32CubeIDE_1.10.1\STM32CubeIDE\plugins\com.st.stm32cube.common.mx_6.7.0.202301130839\\db\/plugins/boardmanager/
2023-12-01 19:38:57,610 [INFO] ApiDb:260 - Set plugin images path to: C:\ST\STM32CubeIDE_1.10.1\STM32CubeIDE\plugins\com.st.stm32cube.common.mx_6.7.0.202301130839\\db\/plugins/mcufinder/images/
2023-12-01 19:38:57,611 [WARN] DbFile:40 - Overriding database path with different value: C:\Users\zashr\.stmcufinder\plugins\mcufinder/ => C:\Users\zashr\.stmcufinder\plugins\mcufinder
2023-12-01 19:38:57,611 [INFO] ApiDb:249 - Set database path to: C:\Users\zashr\.stmcufinder\plugins\mcufinder//mcu/
2023-12-01 19:38:57,611 [WARN] DbFile:40 - Overriding database path with different value: C:\Users\zashr\.stmcufinder\plugins\mcufinder/ => C:\Users\zashr\.stmcufinder\plugins\mcufinder
2023-12-01 19:38:57,612 [INFO] DbMcusAds:124 - Set database path to: C:\Users\zashr\.stmcufinder\plugins\mcufinder//mcu/
2023-12-01 19:38:57,613 [WARN] DbFile:40 - Overriding database path with different value: C:\Users\zashr\.stmcufinder\plugins\mcufinder/ => C:\Users\zashr\.stmcufinder\plugins\mcufinder
2023-12-01 19:38:57,613 [WARN] DbFile:40 - Overriding database path with different value: C:\Users\zashr\.stmcufinder\plugins\mcufinder/ => C:\Users\zashr\.stmcufinder\plugins\mcufinder
2023-12-01 19:38:57,613 [INFO] CrossReferenceDbSqlite:202 - Set database path to: C:\Users\zashr\.stmcufinder\plugins\mcufinder//mcu/cs/
2023-12-01 19:38:57,699 [INFO] MainPanel:252 - HeapMemory: 535822336
2023-12-01 19:38:57,810 [INFO] DbMcusXml:77 - Set database path to: C:\ST\STM32CubeIDE_1.10.1\STM32CubeIDE\plugins\com.st.stm32cube.common.mx_6.7.0.202301130839\\db\/mcu/
2023-12-01 19:38:57,810 [INFO] ApiDb:273 - Set plugin database path to: C:\ST\STM32CubeIDE_1.10.1\STM32CubeIDE\plugins\com.st.stm32cube.common.mx_6.7.0.202301130839\\db\/plugins/boardmanager/
2023-12-01 19:38:57,811 [INFO] ApiDb:260 - Set plugin images path to: C:\ST\STM32CubeIDE_1.10.1\STM32CubeIDE\plugins\com.st.stm32cube.common.mx_6.7.0.202301130839\\db\/plugins/mcufinder/images/
2023-12-01 19:38:57,811 [WARN] DbFile:40 - Overriding database path with different value: C:\Users\zashr\.stmcufinder\plugins\mcufinder/ => C:\Users\zashr\.stmcufinder\plugins\mcufinder
2023-12-01 19:38:57,811 [INFO] ApiDb:249 - Set database path to: C:\Users\zashr\.stmcufinder\plugins\mcufinder//mcu/
2023-12-01 19:38:57,812 [WARN] DbFile:40 - Overriding database path with different value: C:\Users\zashr\.stmcufinder\plugins\mcufinder/ => C:\Users\zashr\.stmcufinder\plugins\mcufinder
2023-12-01 19:38:57,812 [INFO] DbMcusAds:124 - Set database path to: C:\Users\zashr\.stmcufinder\plugins\mcufinder//mcu/
2023-12-01 19:38:57,812 [WARN] DbFile:40 - Overriding database path with different value: C:\Users\zashr\.stmcufinder\plugins\mcufinder/ => C:\Users\zashr\.stmcufinder\plugins\mcufinder
2023-12-01 19:38:57,812 [WARN] DbFile:40 - Overriding database path with different value: C:\Users\zashr\.stmcufinder\plugins\mcufinder/ => C:\Users\zashr\.stmcufinder\plugins\mcufinder
2023-12-01 19:38:57,813 [INFO] CrossReferenceDbSqlite:202 - Set database path to: C:\Users\zashr\.stmcufinder\plugins\mcufinder//mcu/cs/
2023-12-01 19:38:57,836 [INFO] ApplicationProperties:181 - Using Application install path: C:\ST\STM32CubeIDE_1.10.1\STM32CubeIDE\plugins\com.st.stm32cube.common.mx_6.7.0.202301130839
2023-12-01 19:38:57,838 [INFO] PluginManage:193 - Search for loadable plugins [exclusion list=, ]
2023-12-01 19:38:57,840 [INFO] PluginManage:307 - Check plugin analytics
2023-12-01 19:38:58,028 [INFO] AnalyticsPlugin:262 - Accepted Software Licenses: STM32CubeMX.6.6.1,STM32CubeMX.6.7.0
2023-12-01 19:38:58,029 [INFO] AnalyticsPlugin:264 - Accepted CMSIS Pack Licenses: STMicroelectronics.X-CUBE-TOUCHGFX.4.20.0
2023-12-01 19:38:58,030 [INFO] AnalyticsPlugin:266 - Accepted Firmware Licenses: FW.F4.1.27.0
2023-12-01 19:38:58,035 [INFO] PluginManage:356 - Loaded plugin analytics (category:tool,tabindex:-1)
2023-12-01 19:38:58,036 [INFO] PluginManage:307 - Check plugin cadmodel
2023-12-01 19:38:58,052 [INFO] CADModel:104 - Init CAD model plugin
2023-12-01 19:38:58,052 [INFO] PluginManage:356 - Loaded plugin cadmodel (category:power,tabindex:5)
2023-12-01 19:38:58,053 [INFO] PluginManage:307 - Check plugin clock
2023-12-01 19:38:58,079 [INFO] PluginManage:356 - Loaded plugin clock (category:base,tabindex:2)
2023-12-01 19:38:58,079 [INFO] PluginManage:307 - Check plugin ddr
2023-12-01 19:38:58,082 [INFO] PluginManage:356 - Loaded plugin ddr (category:tool,tabindex:6)
2023-12-01 19:38:58,083 [INFO] PluginManage:307 - Check plugin filemanager
2023-12-01 19:38:58,247 [INFO] PluginManage:356 - Loaded plugin filemanager (category:base,tabindex:10)
2023-12-01 19:38:58,247 [INFO] PluginManage:307 - Check plugin ipmanager
2023-12-01 19:38:58,256 [INFO] PluginManage:356 - Loaded plugin ipmanager (category:base,tabindex:5)
2023-12-01 19:38:58,256 [INFO] PluginManage:307 - Check plugin lpbam
2023-12-01 19:38:58,274 [INFO] PluginManage:356 - Loaded plugin lpbam (category:base,tabindex:0)
2023-12-01 19:38:58,274 [INFO] PluginManage:307 - Check plugin pinoutandconfiguration
2023-12-01 19:38:58,291 [INFO] PluginManage:356 - Loaded plugin pinoutandconfiguration (category:base,tabindex:1)
2023-12-01 19:38:58,291 [INFO] PluginManage:307 - Check plugin pinoutconfig
2023-12-01 19:38:58,336 [INFO] PluginManage:356 - Loaded plugin pinoutconfig (category:base,tabindex:0)
2023-12-01 19:38:58,336 [INFO] PluginManage:307 - Check plugin power
2023-12-01 19:38:58,361 [INFO] PluginManage:356 - Loaded plugin power (category:power,tabindex:4)
2023-12-01 19:38:58,362 [INFO] PluginManage:307 - Check plugin projectmanager
2023-12-01 19:38:58,380 [INFO] PluginManage:356 - Loaded plugin projectmanager (category:projectmanager,tabindex:3)
2023-12-01 19:38:58,380 [INFO] PluginManage:307 - Check plugin thirdparty
2023-12-01 19:38:58,652 [INFO] PluginManage:356 - Loaded plugin thirdparty (category:base,tabindex:-1)
2023-12-01 19:38:58,652 [WARN] IntegrityCheckThread:82 - waiting for thirdparty lock release [integrity check]
2023-12-01 19:38:58,653 [INFO] IntegrityCheckThread:84 - entering critical section [integrity check]
2023-12-01 19:38:58,652 [INFO] PluginManage:307 - Check plugin tools
2023-12-01 19:38:58,655 [INFO] ThirdPartyUpdaterWithRetryManager:70 - Updater plugin not ready yet. [1/15]
2023-12-01 19:38:58,684 [INFO] PluginManage:356 - Loaded plugin tools (category:base,tabindex:7)
2023-12-01 19:38:58,685 [INFO] PluginManage:307 - Check plugin tutovideos
2023-12-01 19:38:58,918 [INFO] PluginManage:356 - Loaded plugin tutovideos (category:base,tabindex:-1)
2023-12-01 19:38:58,918 [INFO] PluginManage:307 - Check plugin updater
2023-12-01 19:38:58,937 [INFO] PluginManage:356 - Loaded plugin updater (category:base,tabindex:12)
2023-12-01 19:38:58,937 [INFO] PluginManage:280 - PluginManage : Loaded plugins [15]
2023-12-01 19:38:59,249 [INFO] PinOutPanel:1477 - setPackage(No Configuration,No Configuration)
2023-12-01 19:38:59,338 [INFO] CADModel:164 - CPN selected for project level
2023-12-01 19:38:59,338 [INFO] CADModel:113 - Register for checkConnection events
2023-12-01 19:38:59,369 [INFO] IPUIPlugin:79 - create IPUIPlugin
2023-12-01 19:38:59,370 [INFO] PluginManager:219 - loadIPPluginJar : add adc
2023-12-01 19:38:59,404 [INFO] IPUIPlugin:79 - create IPUIPlugin
2023-12-01 19:38:59,405 [INFO] PluginManager:219 - loadIPPluginJar : add aes
2023-12-01 19:38:59,444 [INFO] IPUIPlugin:79 - create IPUIPlugin
2023-12-01 19:38:59,444 [INFO] PluginManager:219 - loadIPPluginJar : add can
2023-12-01 19:38:59,465 [INFO] IPUIPlugin:79 - create IPUIPlugin
2023-12-01 19:38:59,466 [INFO] PluginManager:219 - loadIPPluginJar : add comp
2023-12-01 19:38:59,499 [INFO] IPUIPlugin:79 - create IPUIPlugin
2023-12-01 19:38:59,499 [INFO] PluginManager:219 - loadIPPluginJar : add cryp
2023-12-01 19:38:59,549 [INFO] IPUIPlugin:79 - create IPUIPlugin
2023-12-01 19:38:59,549 [INFO] PluginManager:219 - loadIPPluginJar : add dfsdm
2023-12-01 19:38:59,565 [INFO] IPUIPlugin:79 - create IPUIPlugin
2023-12-01 19:38:59,566 [INFO] PluginManager:219 - loadIPPluginJar : add dma
2023-12-01 19:38:59,609 [INFO] IPUIPlugin:79 - create IPUIPlugin
2023-12-01 19:38:59,610 [INFO] PluginManager:219 - loadIPPluginJar : add dma3
2023-12-01 19:38:59,629 [INFO] IPUIPlugin:79 - create IPUIPlugin
2023-12-01 19:38:59,629 [INFO] PluginManager:219 - loadIPPluginJar : add fatfs
2023-12-01 19:38:59,675 [INFO] IPUIPlugin:79 - create IPUIPlugin
2023-12-01 19:38:59,675 [INFO] PluginManager:219 - loadIPPluginJar : add fmc
2023-12-01 19:38:59,689 [INFO] IPUIPlugin:79 - create IPUIPlugin
2023-12-01 19:38:59,690 [INFO] PluginManager:219 - loadIPPluginJar : add freertos
2023-12-01 19:38:59,710 [INFO] IPUIPlugin:79 - create IPUIPlugin
2023-12-01 19:38:59,710 [INFO] PluginManager:219 - loadIPPluginJar : add genericplugin
2023-12-01 19:38:59,801 [INFO] IPUIPlugin:79 - create IPUIPlugin
2023-12-01 19:38:59,802 [INFO] PluginManager:219 - loadIPPluginJar : add gfxmmu
2023-12-01 19:38:59,930 [INFO] IPUIPlugin:79 - create IPUIPlugin
2023-12-01 19:38:59,931 [INFO] PluginManager:219 - loadIPPluginJar : add gic
2023-12-01 19:38:59,943 [INFO] IPUIPlugin:79 - create IPUIPlugin
2023-12-01 19:38:59,944 [INFO] PluginManager:219 - loadIPPluginJar : add gpio
2023-12-01 19:39:00,027 [INFO] IPUIPlugin:79 - create IPUIPlugin
2023-12-01 19:39:00,028 [INFO] PluginManager:219 - loadIPPluginJar : add gtzc
2023-12-01 19:39:00,057 [INFO] IPUIPlugin:79 - create IPUIPlugin
2023-12-01 19:39:00,057 [INFO] PluginManager:219 - loadIPPluginJar : add hash
2023-12-01 19:39:00,108 [INFO] IPUIPlugin:79 - create IPUIPlugin
2023-12-01 19:39:00,109 [INFO] PluginManager:219 - loadIPPluginJar : add i2c
2023-12-01 19:39:00,147 [INFO] IPUIPlugin:79 - create IPUIPlugin
2023-12-01 19:39:00,147 [INFO] PluginManager:219 - loadIPPluginJar : add i2s
2023-12-01 19:39:00,251 [INFO] IPUIPlugin:79 - create IPUIPlugin
2023-12-01 19:39:00,251 [INFO] PluginManager:219 - loadIPPluginJar : add ipddr
2023-12-01 19:39:00,353 [INFO] IPUIPlugin:79 - create IPUIPlugin
2023-12-01 19:39:00,353 [INFO] PluginManager:219 - loadIPPluginJar : add linkedlist
2023-12-01 19:39:00,383 [INFO] IPUIPlugin:79 - create IPUIPlugin
2023-12-01 19:39:00,384 [INFO] PluginManager:219 - loadIPPluginJar : add lorawan
2023-12-01 19:39:00,415 [INFO] IPUIPlugin:79 - create IPUIPlugin
2023-12-01 19:39:00,416 [INFO] PluginManager:219 - loadIPPluginJar : add ltdc
2023-12-01 19:39:00,430 [INFO] IPUIPlugin:79 - create IPUIPlugin
2023-12-01 19:39:00,431 [INFO] PluginManager:219 - loadIPPluginJar : add mdma
2023-12-01 19:39:00,443 [INFO] IPUIPlugin:79 - create IPUIPlugin
2023-12-01 19:39:00,443 [INFO] PluginManager:219 - loadIPPluginJar : add nvic
2023-12-01 19:39:00,476 [INFO] IPUIPlugin:79 - create IPUIPlugin
2023-12-01 19:39:00,476 [INFO] PluginManager:219 - loadIPPluginJar : add opamp
2023-12-01 19:39:00,534 [INFO] IPUIPlugin:79 - create IPUIPlugin
2023-12-01 19:39:00,534 [INFO] PluginManager:219 - loadIPPluginJar : add openamp
2023-12-01 19:39:00,574 [INFO] IPUIPlugin:79 - create IPUIPlugin
2023-12-01 19:39:00,574 [INFO] PluginManager:219 - loadIPPluginJar : add pdm2pcm
2023-12-01 19:39:00,589 [INFO] IPUIPlugin:79 - create IPUIPlugin
2023-12-01 19:39:00,592 [INFO] PluginManager:219 - loadIPPluginJar : add plateformsettings
2023-12-01 19:39:00,611 [INFO] IPUIPlugin:79 - create IPUIPlugin
2023-12-01 19:39:00,611 [INFO] PluginManager:219 - loadIPPluginJar : add quadspi
2023-12-01 19:39:00,624 [INFO] IPUIPlugin:79 - create IPUIPlugin
2023-12-01 19:39:00,624 [INFO] PluginManager:219 - loadIPPluginJar : add resmgrutility
2023-12-01 19:39:00,668 [INFO] IPUIPlugin:79 - create IPUIPlugin
2023-12-01 19:39:00,669 [INFO] PluginManager:219 - loadIPPluginJar : add sai
2023-12-01 19:39:00,701 [INFO] IPUIPlugin:79 - create IPUIPlugin
2023-12-01 19:39:00,702 [INFO] PluginManager:219 - loadIPPluginJar : add spi
2023-12-01 19:39:00,748 [INFO] IPUIPlugin:79 - create IPUIPlugin
2023-12-01 19:39:00,749 [INFO] PluginManager:219 - loadIPPluginJar : add stm32_wpan
2023-12-01 19:39:00,771 [INFO] IPUIPlugin:79 - create IPUIPlugin
2023-12-01 19:39:00,771 [INFO] PluginManager:219 - loadIPPluginJar : add tim
2023-12-01 19:39:00,822 [INFO] IPUIPlugin:79 - create IPUIPlugin
2023-12-01 19:39:00,823 [INFO] PluginManager:219 - loadIPPluginJar : add touchsensing
2023-12-01 19:39:00,843 [INFO] IPUIPlugin:79 - create IPUIPlugin
2023-12-01 19:39:00,843 [INFO] PluginManager:219 - loadIPPluginJar : add tracer_emb
2023-12-01 19:39:00,864 [INFO] IPUIPlugin:79 - create IPUIPlugin
2023-12-01 19:39:00,864 [INFO] PluginManager:219 - loadIPPluginJar : add ts
2023-12-01 19:39:00,883 [INFO] IPUIPlugin:79 - create IPUIPlugin
2023-12-01 19:39:00,884 [INFO] PluginManager:219 - loadIPPluginJar : add tsc
2023-12-01 19:39:00,904 [INFO] IPUIPlugin:79 - create IPUIPlugin
2023-12-01 19:39:00,904 [INFO] PluginManager:219 - loadIPPluginJar : add ucpd
2023-12-01 19:39:00,943 [INFO] IPUIPlugin:79 - create IPUIPlugin
2023-12-01 19:39:00,944 [INFO] PluginManager:219 - loadIPPluginJar : add usart
2023-12-01 19:39:00,983 [INFO] IPUIPlugin:79 - create IPUIPlugin
2023-12-01 19:39:00,983 [INFO] PluginManager:219 - loadIPPluginJar : add usbx
2023-12-01 19:39:01,118 [INFO] CADModel:164 - CPN selected for project level
2023-12-01 19:39:01,119 [INFO] CADModel:113 - Register for checkConnection events
2023-12-01 19:39:01,119 [FATAL] Updater:308 - Updater called before beeing initialized
2023-12-01 19:39:01,119 [ERROR] CADModel:124 - Updater not yet initialized, retry later 
2023-12-01 19:39:01,276 [INFO] CADModel:164 - CPN selected for project level
2023-12-01 19:39:01,277 [INFO] CADModel:113 - Register for checkConnection events
2023-12-01 19:39:01,277 [FATAL] Updater:308 - Updater called before beeing initialized
2023-12-01 19:39:01,277 [ERROR] CADModel:124 - Updater not yet initialized, retry later 
2023-12-01 19:39:01,281 [FATAL] Updater:308 - Updater called before beeing initialized
2023-12-01 19:39:01,407 [FATAL] Updater:308 - Updater called before beeing initialized
2023-12-01 19:39:01,421 [INFO] DbMcusAds:52 - JSON generation date=Tue Mar 07 10:50:55 EET 2023 (1678179055335)
2023-12-01 19:39:01,421 [FATAL] Updater:308 - Updater called before beeing initialized
2023-12-01 19:39:01,504 [WARN] DetailPanel:344 - Failed to get advertising image, set to default
2023-12-01 19:39:01,646 [FATAL] Updater:308 - Updater called before beeing initialized
2023-12-01 19:39:01,648 [FATAL] Updater:308 - Updater called before beeing initialized
2023-12-01 19:39:01,649 [FATAL] Updater:308 - Updater called before beeing initialized
2023-12-01 19:39:01,649 [WARN] DetailPanel:344 - Failed to get advertising image, set to default
2023-12-01 19:39:01,650 [FATAL] Updater:308 - Updater called before beeing initialized
2023-12-01 19:39:01,658 [INFO] ThirdPartyUpdaterWithRetryManager:70 - Updater plugin not ready yet. [2/15]
2023-12-01 19:39:01,714 [ERROR] Updater:1120 - MainUpdater not yet initialized. External WinMGr cannot be set.
2023-12-01 19:39:01,723 [INFO] Updater:1056 - Updater Version found : 6.7.0
2023-12-01 19:39:01,741 [INFO] ApplicationProperties:181 - Using Application install path: C:\ST\STM32CubeIDE_1.10.1\STM32CubeIDE\plugins\com.st.stm32cube.common.mx_6.7.0.202301130839
2023-12-01 19:39:02,215 [INFO] MainUpdater:2800 - connection check result : 10
2023-12-01 19:39:02,216 [INFO] MainUpdater:282 - Updater Check For Update Now.
2023-12-01 19:39:02,217 [INFO] MicroXplorer:481 - Change Database Version : DB.6.0.70
2023-12-01 19:39:02,537 [INFO] CheckServerUpdateThread:119 - End of CheckServer Thread
2023-12-01 19:39:02,721 [INFO] MainUpdater:2800 - connection check result : 10
2023-12-01 19:39:02,728 [INFO] MainUpdater:2800 - connection check result : 10
2023-12-01 19:39:02,898 [INFO] MicroXplorer:451 - Change Database Path : 
2023-12-01 19:39:02,899 [INFO] MicroXplorer:481 - Change Database Version : DB.6.0.70
2023-12-01 19:39:02,900 [WARN] ThirdParty:845 - waiting for thirdparty lock release [close project]
2023-12-01 19:39:04,891 [WARN] PackLoader:242 - Cannot read IP mode file for STMicroelectronics.X-CUBE-SMBUS.2.1.0
2023-12-01 19:39:04,937 [WARN] PackLoader:242 - Cannot read IP mode file for STMicroelectronics.X-CUBE-AZRTOS-F7.1.1.0
2023-12-01 19:39:04,955 [WARN] PackLoader:242 - Cannot read IP mode file for STMicroelectronics.FP-SNS-MOTENV1.4.3.2
2023-12-01 19:39:04,981 [WARN] PackLoader:242 - Cannot read IP mode file for STMicroelectronics.X-CUBE-BLE1.6.2.3
2023-12-01 19:39:05,000 [WARN] PackLoader:242 - Cannot read IP mode file for STMicroelectronics.X-CUBE-BLE1.6.2.4
2023-12-01 19:39:05,013 [WARN] PackLoader:242 - Cannot read IP mode file for STMicroelectronics.FP-SNS-FLIGHT1.5.0.2
2023-12-01 19:39:05,031 [WARN] PackLoader:242 - Cannot read IP mode file for STMicroelectronics.X-CUBE-DISPLAY.3.0.0
2023-12-01 19:39:05,050 [WARN] PackLoader:242 - Cannot read IP mode file for STMicroelectronics.X-CUBE-BLE1.7.0.0
2023-12-01 19:39:05,064 [WARN] PackLoader:242 - Cannot read IP mode file for STMicroelectronics.X-CUBE-TOUCHGFX.4.22.1
2023-12-01 19:39:05,142 [WARN] PackLoader:242 - Cannot read IP mode file for STMicroelectronics.X-CUBE-MEMS1.9.3.0
2023-12-01 19:39:05,425 [WARN] PackLoader:242 - Cannot read IP mode file for STMicroelectronics.X-CUBE-AI.7.2.0
2023-12-01 19:39:05,457 [WARN] PackLoader:242 - Cannot read IP mode file for STMicroelectronics.FP-SNS-SMARTAG2.1.2.0
2023-12-01 19:39:05,489 [INFO] LogOutputStream:76 - [STDOUT_REDIRECT] 1 : Invalid condition id : UX_CORESTACK_Condition cause : null
2023-12-01 19:39:05,490 [INFO] LogOutputStream:76 - [STDOUT_REDIRECT] 1 : Invalid condition id : UX_CORESTACK_Condition cause : null
2023-12-01 19:39:05,493 [INFO] LogOutputStream:76 - [STDOUT_REDIRECT] 1 : Invalid condition id : UX_CORESTACK_Condition cause : null
2023-12-01 19:39:05,494 [INFO] LogOutputStream:76 - [STDOUT_REDIRECT] 1 : Invalid condition id : UX_CORESTACK_Condition cause : null
2023-12-01 19:39:05,495 [INFO] LogOutputStream:76 - [STDOUT_REDIRECT] 1 : Invalid condition id : UX_CORESTACK_Condition cause : null
2023-12-01 19:39:05,530 [WARN] PackLoader:242 - Cannot read IP mode file for STMicroelectronics.X-CUBE-AZRTOS-WL.2.0.0
2023-12-01 19:39:05,575 [WARN] PackLoader:242 - Cannot read IP mode file for WES.I-CUBE-Cesium.1.3.0
2023-12-01 19:39:05,610 [WARN] PackLoader:242 - Cannot read IP mode file for STMicroelectronics.X-CUBE-BLE2.3.3.0
2023-12-01 19:39:05,628 [WARN] PackLoader:242 - Cannot read IP mode file for STMicroelectronics.X-CUBE-DISPLAY.2.2.0
2023-12-01 19:39:05,659 [WARN] PackLoader:242 - Cannot read IP mode file for STMicroelectronics.X-CUBE-TOF1.3.2.0
2023-12-01 19:39:05,680 [WARN] PackLoader:242 - Cannot read IP mode file for STMicroelectronics.X-CUBE-ISPU.1.0.0
2023-12-01 19:39:05,713 [WARN] PackLoader:242 - Cannot read IP mode file for STMicroelectronics.X-CUBE-AZRTOS-H7.2.1.0
2023-12-01 19:39:05,735 [WARN] PackLoader:242 - Cannot read IP mode file for STMicroelectronics.X-CUBE-TOUCHGFX.4.21.1
2023-12-01 19:39:05,755 [WARN] PackLoader:242 - Cannot read IP mode file for STMicroelectronics.X-CUBE-TOUCHGFX.4.21.3
2023-12-01 19:39:05,819 [WARN] PackLoader:242 - Cannot read IP mode file for STMicroelectronics.X-CUBE-MEMS1.9.4.0
2023-12-01 19:39:05,985 [WARN] PackLoader:242 - Cannot read IP mode file for STMicroelectronics.X-CUBE-AI.7.3.0
2023-12-01 19:39:06,010 [WARN] PackLoader:242 - Cannot read IP mode file for STMicroelectronics.X-CUBE-ALGOBUILD.1.3.0
2023-12-01 19:39:06,063 [WARN] PackLoader:242 - Cannot read IP mode file for STMicroelectronics.X-CUBE-AZRTOS-G0.1.1.0
2023-12-01 19:39:06,089 [WARN] PackLoader:242 - Cannot read IP mode file for STMicroelectronics.X-CUBE-NFC4.3.0.0
2023-12-01 19:39:06,167 [WARN] PackLoader:242 - Cannot read IP mode file for SEGGER.I-CUBE-embOS.1.2.1
2023-12-01 19:39:06,213 [WARN] PackLoader:242 - Cannot read IP mode file for STMicroelectronics.X-CUBE-BLEMGR.3.0.0
2023-12-01 19:39:06,236 [WARN] PackLoader:242 - Cannot read IP mode file for STMicroelectronics.X-CUBE-BLEMGR.1.3.0
2023-12-01 19:39:06,250 [WARN] PackLoader:242 - Cannot read IP mode file for STMicroelectronics.FP-ATR-SIGFOX1.3.2.0
2023-12-01 19:39:06,264 [WARN] PackLoader:242 - Cannot read IP mode file for emotas.I-CUBE-CANOPEN.1.1.2
2023-12-01 19:39:06,356 [WARN] PackLoader:242 - Cannot read IP mode file for STMicroelectronics.X-CUBE-TOUCHGFX.4.20.0
2023-12-01 19:39:06,619 [WARN] PackLoader:242 - Cannot read IP mode file for STMicroelectronics.X-CUBE-MEMS1.9.5.0
2023-12-01 19:39:06,768 [WARN] PackLoader:242 - Cannot read IP mode file for SEGGER.I-CUBE-embOS.1.3.1
2023-12-01 19:39:06,846 [WARN] PackLoader:242 - Cannot read IP mode file for STMicroelectronics.X-CUBE-GNSS1.6.0.0
2023-12-01 19:39:06,876 [WARN] PackLoader:242 - Cannot read IP mode file for STMicroelectronics.X-CUBE-AZRTOS-F4.1.1.0
2023-12-01 19:39:06,909 [WARN] PackLoader:242 - Cannot read IP mode file for STMicroelectronics.X-CUBE-BLEMGR.1.2.0
2023-12-01 19:39:06,941 [WARN] PackLoader:242 - Cannot read IP mode file for STMicroelectronics.X-CUBE-AZRTOS-L5.2.0.0
2023-12-01 19:39:07,007 [WARN] PackLoader:242 - Cannot read IP mode file for STMicroelectronics.X-CUBE-MEMS1.9.6.0
2023-12-01 19:39:07,207 [WARN] PackLoader:242 - Cannot read IP mode file for STMicroelectronics.X-CUBE-EEPRMA1.4.2.0
2023-12-01 19:39:07,225 [WARN] PackLoader:242 - Cannot read IP mode file for ITTIA_DB.I-CUBE-ITTIADB.8.8.0
2023-12-01 19:39:07,245 [WARN] PackLoader:242 - Cannot read IP mode file for STMicroelectronics.X-CUBE-BLEMGR.2.0.0
2023-12-01 19:39:07,261 [WARN] PackLoader:242 - Cannot read IP mode file for STMicroelectronics.X-CUBE-NFC4.2.0.5
2023-12-01 19:39:07,275 [WARN] PackLoader:242 - Cannot read IP mode file for STMicroelectronics.X-CUBE-NFC4.2.0.4
2023-12-01 19:39:07,368 [WARN] ConditionMgr:437 - getConditionDescription Invalid condition id : UX DEVICE CLASS RTOS Condition cause : null
2023-12-01 19:39:07,369 [WARN] ConditionMgr:437 - getConditionDescription Invalid condition id : UX DEVICE CLASS RTOS Condition cause : null
2023-12-01 19:39:07,372 [WARN] PackLoader:242 - Cannot read IP mode file for STMicroelectronics.X-CUBE-AZRTOS-H7.3.1.0
2023-12-01 19:39:07,373 [WARN] ConditionMgr:1038 - genDependencies : Invalid condition id : UX DEVICE CLASS RTOS Condition cause : null
2023-12-01 19:39:07,377 [WARN] ConditionMgr:1038 - genDependencies : Invalid condition id : UX DEVICE CLASS RTOS Condition cause : null
2023-12-01 19:39:07,377 [WARN] ConditionMgr:1038 - genDependencies : Invalid condition id : UX DEVICE CLASS RTOS Condition cause : null
2023-12-01 19:39:07,378 [WARN] ConditionMgr:1038 - genDependencies : Invalid condition id : UX DEVICE CLASS RTOS Condition cause : null
2023-12-01 19:39:07,378 [WARN] ConditionMgr:1038 - genDependencies : Invalid condition id : UX DEVICE CLASS RTOS Condition cause : null
2023-12-01 19:39:07,390 [WARN] PackLoader:242 - Cannot read IP mode file for wolfSSL.I-CUBE-wolfSSL.5.5.1
2023-12-01 19:39:07,404 [WARN] PackLoader:242 - Cannot read IP mode file for STMicroelectronics.X-CUBE-NFC7.1.0.1
2023-12-01 19:39:07,421 [WARN] PackLoader:242 - Cannot read IP mode file for STMicroelectronics.X-CUBE-NFC7.1.0.0
2023-12-01 19:39:07,436 [WARN] PackLoader:242 - Cannot read IP mode file for STMicroelectronics.X-CUBE-NFC6.3.0.0
2023-12-01 19:39:07,450 [WARN] PackLoader:242 - Cannot read IP mode file for STMicroelectronics.X-CUBE-EEPRMA1.4.1.0
2023-12-01 19:39:07,470 [WARN] PackLoader:242 - Cannot read IP mode file for STMicroelectronics.X-CUBE-AI.8.1.0
2023-12-01 19:39:07,517 [WARN] ConditionMgr:437 - getConditionDescription Invalid condition id : LAN8742 Phy interface Condition cause : null
2023-12-01 19:39:07,518 [WARN] PackLoader:242 - Cannot read IP mode file for STMicroelectronics.X-CUBE-AZRTOS-L4.2.0.0
2023-12-01 19:39:07,519 [WARN] ConditionMgr:1038 - genDependencies : Invalid condition id : LAN8742 Phy interface Condition cause : null
2023-12-01 19:39:07,520 [WARN] ConditionMgr:1038 - genDependencies : Invalid condition id : LAN8742 Phy interface Condition cause : null
2023-12-01 19:39:07,520 [WARN] ConditionMgr:1038 - genDependencies : Invalid condition id : LAN8742 Phy interface Condition cause : null
2023-12-01 19:39:07,617 [WARN] PackLoader:242 - Cannot read IP mode file for STMicroelectronics.X-CUBE-SFXS2LP1.4.0.0
2023-12-01 19:39:07,659 [WARN] PackLoader:242 - Cannot read IP mode file for STMicroelectronics.X-CUBE-AZRTOS-H7.3.0.0
2023-12-01 19:39:07,676 [WARN] PackLoader:242 - Cannot read IP mode file for STMicroelectronics.X-CUBE-ISPU.1.1.0
2023-12-01 19:39:07,692 [WARN] PackLoader:242 - Cannot read IP mode file for RoweBots.I-CUBE-UNISONRTOS.5.5.0-4
2023-12-01 19:39:07,708 [WARN] PackLoader:242 - Cannot read IP mode file for STMicroelectronics.X-CUBE-AI.8.0.0
2023-12-01 19:39:07,740 [WARN] ConditionMgr:437 - getConditionDescription Invalid condition id : UX DEVICE CLASS RTOS Condition cause : null
2023-12-01 19:39:07,740 [WARN] ConditionMgr:437 - getConditionDescription Invalid condition id : UX DEVICE CLASS RTOS Condition cause : null
2023-12-01 19:39:07,742 [WARN] PackLoader:242 - Cannot read IP mode file for STMicroelectronics.X-CUBE-AZRTOS-WB.2.0.0
2023-12-01 19:39:07,743 [WARN] ConditionMgr:1038 - genDependencies : Invalid condition id : UX DEVICE CLASS RTOS Condition cause : null
2023-12-01 19:39:07,743 [WARN] ConditionMgr:1038 - genDependencies : Invalid condition id : UX DEVICE CLASS RTOS Condition cause : null
2023-12-01 19:39:07,744 [WARN] ConditionMgr:1038 - genDependencies : Invalid condition id : UX DEVICE CLASS RTOS Condition cause : null
2023-12-01 19:39:07,744 [WARN] ConditionMgr:1038 - genDependencies : Invalid condition id : UX DEVICE CLASS RTOS Condition cause : null
2023-12-01 19:39:07,744 [WARN] ConditionMgr:1038 - genDependencies : Invalid condition id : UX DEVICE CLASS RTOS Condition cause : null
2023-12-01 19:39:07,757 [WARN] PackLoader:242 - Cannot read IP mode file for STMicroelectronics.X-CUBE-FREERTOS.1.0.0
2023-12-01 19:39:07,773 [WARN] PackLoader:242 - Cannot read IP mode file for STMicroelectronics.X-CUBE-FREERTOS.1.0.1
2023-12-01 19:39:07,795 [WARN] PackLoader:242 - Cannot read IP mode file for STMicroelectronics.X-CUBE-AZRTOS-L5.1.1.0
2023-12-01 19:39:07,818 [WARN] PackLoader:242 - Cannot read IP mode file for STMicroelectronics.X-CUBE-SUBG2.5.0.0
2023-12-01 19:39:07,896 [WARN] PackLoader:242 - Cannot read IP mode file for STMicroelectronics.X-CUBE-TOF1.3.3.1
2023-12-01 19:39:07,937 [WARN] PackLoader:242 - Cannot read IP mode file for STMicroelectronics.X-CUBE-AZRTOS-G4.2.0.0
2023-12-01 19:39:07,965 [WARN] PackLoader:242 - Cannot read IP mode file for STMicroelectronics.X-CUBE-TOF1.3.3.0
2023-12-01 19:39:07,985 [WARN] PackLoader:242 - Cannot read IP mode file for STMicroelectronics.FP-ATR-ASTRA1.1.1.1
2023-12-01 19:39:08,008 [WARN] PackLoader:242 - Cannot read IP mode file for Infineon.AIROC-Wi-Fi-Bluetooth-STM32.1.5.1
2023-12-01 19:39:08,022 [WARN] PackLoader:242 - Cannot read IP mode file for STMicroelectronics.FP-SNS-MOTENVWB1.1.3.0
2023-12-01 19:39:08,046 [WARN] PackLoader:242 - Cannot read IP mode file for STMicroelectronics.X-CUBE-AZRTOS-G4.1.0.0
2023-12-01 19:39:08,087 [WARN] PackLoader:242 - Cannot read IP mode file for STMicroelectronics.X-CUBE-AZRTOS-L4.1.0.0
2023-12-01 19:39:08,163 [WARN] PackLoader:242 - Cannot read IP mode file for STMicroelectronics.X-CUBE-MEMS1.10.0.0
2023-12-01 19:39:08,278 [WARN] PackLoader:242 - Cannot read IP mode file for STMicroelectronics.X-CUBE-FREERTOS.1.1.0
2023-12-01 19:39:08,296 [WARN] PackLoader:242 - Cannot read IP mode file for STMicroelectronics.X-CUBE-AZRTOS-WL.1.0.0
2023-12-01 19:39:08,309 [WARN] PackLoader:242 - Cannot read IP mode file for portGmbH.I-Cube-SoM-uGOAL.1.1.0
2023-12-01 19:39:08,321 [WARN] PackLoader:242 - Cannot read IP mode file for STMicroelectronics.X-CUBE-ALS.1.0.1
2023-12-01 19:39:08,358 [WARN] PackLoader:242 - Cannot read IP mode file for STMicroelectronics.X-CUBE-AZRTOS-WB.1.1.0
2023-12-01 19:39:08,386 [WARN] PackLoader:242 - Cannot read IP mode file for STMicroelectronics.X-CUBE-AZRTOS-L5.1.0.0
2023-12-01 19:39:08,400 [WARN] PackLoader:242 - Cannot read IP mode file for STMicroelectronics.X-CUBE-EEPRMA1.3.1.1
2023-12-01 19:39:08,412 [WARN] PackLoader:242 - Cannot read IP mode file for STMicroelectronics.FP-ATR-ASTRA1.2.0.0
2023-12-01 19:39:08,437 [WARN] PackLoader:242 - Cannot read IP mode file for STMicroelectronics.X-CUBE-TOF1.3.4.0
2023-12-01 19:39:08,444 [INFO] ThirdParty:947 - Integrity check success = true
2023-12-01 19:39:08,444 [INFO] IntegrityCheckThread:98 - exiting critical section [integrity check]
2023-12-01 19:39:08,444 [INFO] IntegrityCheckThread:101 - End integrity checks thread
2023-12-01 19:39:08,444 [INFO] ThirdParty:847 - entering critical section [close project]
2023-12-01 19:39:08,446 [INFO] ThirdParty:857 - exiting critical section [close project]
2023-12-01 19:39:08,450 [INFO] PinOutPanel:1477 - setPackage(No Configuration,No Configuration)
2023-12-01 19:39:08,456 [INFO] UtilMem:74 - Begin LoadConfig() Used Memory: 568201272 Bytes (623902720)
2023-12-01 19:39:08,464 [INFO] MicroXplorer:451 - Change Database Path : C:/Users/zashr/.stm32cubemx/databases/DB.6.0.60/db/
2023-12-01 19:39:08,465 [INFO] MicroXplorer:481 - Change Database Version : DB.6.0.60
2023-12-01 19:39:15,218 [INFO] OpenFileManager:307 - Change cursor
2023-12-01 19:39:15,315 [INFO] Mcu:1925 - Initializing MCU STM32F429ZITx STM32F429ZITx STM32F429ZIT6
2023-12-01 19:39:18,134 [INFO] Context:654 - Trying to add GPIOservice into a context  which must be forbidden
2023-12-01 19:39:19,245 [INFO] RtosManager:489 - Registered RTOS mode: class=CMSIS, group=RTOS, mode=CMSIS_V1, owner=FREERTOS
2023-12-01 19:39:19,245 [INFO] RtosManager:489 - Registered RTOS mode: class=CMSIS, group=RTOS2, mode=CMSIS_V2, owner=FREERTOS
2023-12-01 19:39:19,245 [INFO] RtosManager:489 - Registered RTOS mode: class=RTOS, group=Core, mode=CMSIS_V1, owner=FREERTOS
2023-12-01 19:39:19,245 [INFO] RtosManager:489 - Registered RTOS mode: class=RTOS, group=Core, mode=CMSIS_V2, owner=FREERTOS
2023-12-01 19:39:19,246 [WARN] ModelIntegratedComponent:185 - Missing modes for component STMicroelectronics:FreeRTOS:0.0.1:STMicroelectronics:RTOS:FreeRTOS:Core:::10.2.0:
2023-12-01 19:39:19,254 [WARN] ModelIntegratedComponent:64 - No mode defined for component null
2023-12-01 19:39:19,254 [WARN] ModelIntegratedComponent:64 - No mode defined for component null
2023-12-01 19:39:19,254 [WARN] ModelIntegratedComponent:64 - No mode defined for component null
2023-12-01 19:39:19,254 [WARN] ModelIntegratedComponent:64 - No mode defined for component null
2023-12-01 19:39:19,254 [WARN] ModelIntegratedComponent:64 - No mode defined for component null
2023-12-01 19:39:19,254 [WARN] ModelIntegratedComponent:64 - No mode defined for component null
2023-12-01 19:39:19,254 [WARN] ModelIntegratedComponent:64 - No mode defined for component null
2023-12-01 19:39:19,254 [WARN] ModelIntegratedComponent:64 - No mode defined for component null
2023-12-01 19:39:19,254 [WARN] ModelIntegratedComponent:64 - No mode defined for component null
2023-12-01 19:39:19,255 [WARN] ModelIntegratedComponent:64 - No mode defined for component null
2023-12-01 19:39:19,255 [WARN] ModelIntegratedComponent:64 - No mode defined for component null
2023-12-01 19:39:19,255 [WARN] ModelIntegratedComponent:64 - No mode defined for component null
2023-12-01 19:39:19,255 [WARN] ModelIntegratedComponent:64 - No mode defined for component null
2023-12-01 19:39:19,255 [WARN] ModelIntegratedComponent:64 - No mode defined for component null
2023-12-01 19:39:19,255 [WARN] ModelIntegratedComponent:64 - No mode defined for component null
2023-12-01 19:39:19,255 [WARN] ModelIntegratedComponent:64 - No mode defined for component null
2023-12-01 19:39:19,255 [WARN] ModelIntegratedComponent:64 - No mode defined for component null
2023-12-01 19:39:19,255 [WARN] ModelIntegratedComponent:64 - No mode defined for component null
2023-12-01 19:39:19,255 [WARN] ModelIntegratedComponent:64 - No mode defined for component null
2023-12-01 19:39:19,255 [WARN] ModelIntegratedComponent:64 - No mode defined for component null
2023-12-01 19:39:19,255 [WARN] ModelIntegratedComponent:64 - No mode defined for component null
2023-12-01 19:39:19,255 [WARN] ModelIntegratedComponent:64 - No mode defined for component null
2023-12-01 19:39:19,256 [WARN] ModelIntegratedComponent:64 - No mode defined for component null
2023-12-01 19:39:19,256 [WARN] ModelIntegratedComponent:64 - No mode defined for component null
2023-12-01 19:39:19,256 [WARN] ModelIntegratedComponent:64 - No mode defined for component null
2023-12-01 19:39:19,256 [WARN] ModelIntegratedComponent:64 - No mode defined for component null
2023-12-01 19:39:19,256 [WARN] ModelIntegratedComponent:64 - No mode defined for component null
2023-12-01 19:39:19,256 [WARN] ModelIntegratedComponent:64 - No mode defined for component null
2023-12-01 19:39:19,256 [WARN] ModelIntegratedComponent:64 - No mode defined for component null
2023-12-01 19:39:19,256 [WARN] ModelIntegratedComponent:64 - No mode defined for component null
2023-12-01 19:39:19,256 [WARN] ModelIntegratedComponent:64 - No mode defined for component null
2023-12-01 19:39:19,256 [WARN] ModelIntegratedComponent:64 - No mode defined for component null
2023-12-01 19:39:19,256 [WARN] ModelIntegratedComponent:64 - No mode defined for component null
2023-12-01 19:39:19,812 [INFO] ThirdPartyModel:294 - Start build external matchings
2023-12-01 19:39:23,412 [INFO] ThirdPartyModel:310 - End build external matchings
2023-12-01 19:39:23,474 [INFO] RtosManager:802 - Current active RTOS is FREERTOS [Cortex-M4NS]
2023-12-01 19:39:24,236 [INFO] UtilMem:74 - End LoadConfig() Used Memory: 553190016 Bytes (713031680)
2023-12-01 19:39:24,616 [INFO] ApiDb:580 - Connected to CubeFinder SQLite database (C:\Users\zashr\.stmcufinder\plugins\mcufinder\mcu\cube-finder-db.db)
2023-12-01 19:39:24,729 [INFO] ApiDb:667 - CubeFinder database Data Model version=2.1
2023-12-01 19:39:24,729 [INFO] ApiDb:668 - CubeFinder database Configuration version=3.0.39
2023-12-01 19:39:24,729 [INFO] ApiDb:669 - CubeFinder database generation date=2023-11-06 (1699269565)
2023-12-01 19:39:24,729 [INFO] ApiDb:670 - CubeFinder database FW Pack versions=[FP-ATR-ASTRA1_V2.0.0, FP-SNS-FLIGHT1_V5.0.1, FP-SNS-FLIGHT1_V5.0.2, FP-SNS-MOTENV1_V4.3.1, FP-SNS-MOTENV1_V4.3.2, FP-SNS-MOTENVWB1_V1.3.0, FP-SNS-SMARTAG2_V1.2.0, STM32Cube_FW_C0_V1.1.0, STM32Cube_FW_F4_V1.28.0, STM32Cube_FW_F7_V1.17.0, STM32Cube_FW_G0_V1.6.1, STM32Cube_FW_G4_V1.5.1, STM32Cube_FW_H5_V0.5.1, STM32Cube_FW_H5_V1.1.1, STM32Cube_FW_H5_V1.2.0RC2, STM32Cube_FW_H7_V1.11.0, STM32Cube_FW_L0_V1.12.2, STM32Cube_FW_L5_V1.5.0, STM32Cube_FW_U5_V1.3.0RC4, STM32Cube_FW_U5_V1.4.0, STM32Cube_FW_WBA_V1.0.0RC1, STM32Cube_FW_WBA_V1.1.0RC1, STM32Cube_FW_WBA_V1.2.0, STM32Cube_FW_WBA_V1.2.0RC2, STM32Cube_FW_WB_V1.15.0RC1, STM32Cube_FW_WB_V1.16.0, STM32Cube_FW_WB_V1.16.0RC2, STM32Cube_FW_WB_V1.18.0, STM32Cube_FW_WL_V1.3.0, X-CUBE-ALGOBUILD_V1.3.0, X-CUBE-ALS_V1.0.1, X-CUBE-AZRTOS-F4_V1.1.0, X-CUBE-AZRTOS-F7_V1.1.0, X-CUBE-AZRTOS-G0_V1.1.0, X-CUBE-AZRTOS-G4_V2.0.0, X-CUBE-AZRTOS-H7_V3.1.0, X-CUBE-AZRTOS-L4_V1.0.0, X-CUBE-AZRTOS-L4_V2.0.0, X-CUBE-AZRTOS-L5_V1.1.0, X-CUBE-AZRTOS-WB_V2.0.0, X-CUBE-AZRTOS-WL_V2.0.0, X-CUBE-BLE1_V7.0.0, X-CUBE-BLE2_V3.3.0, X-CUBE-BLEMGR_V2.0.0, X-CUBE-EEPRMA1_V4.1.0, X-CUBE-EEPRMA1_V4.2.0, X-CUBE-FREERTOS_V1.1.0, X-CUBE-GNSS1_V6.0.0, X-CUBE-MEMS1_V10.0.0, X-CUBE-MEMS1_V9.1.0, X-CUBE-MEMS1_V9.4.0, X-CUBE-MEMS1_V9.6.0, X-CUBE-NFC4_V3.0.0, X-CUBE-NFC7_V1.0.1, X-CUBE-SFXS2LP1_V4.0.0, X-CUBE-SUBG2_V5.0.0, X-CUBE-TOF1_V3.3.1]
2023-12-01 19:39:27,566 [INFO] ApiDb:239 - Found 143 in-development CPN: [B-WB1M-WPAN1, B-WL5M-SUBG1, NUCLEO-C031C6, STEVAL-PROTEUS1, STEVAL-STWINBX1, STM320518-EVAL, STM32C0116-DK, STM32C011D6Y3TR, STM32C011D6Y6TR, STM32C011F4P3, STM32C011F4P6, STM32C011F4U3, STM32C011F4U6TR, STM32C011F6P3, STM32C011F6P6, STM32C011F6U3, STM32C011F6U6TR, STM32C011J4M3, STM32C011J4M6, STM32C011J6M3, STM32C011J6M6, STM32C0316-DK, STM32C031C4T3, STM32C031C4T6, STM32C031C4U3, STM32C031C4U6, STM32C031C6T3, STM32C031C6T6, STM32C031C6U3, STM32C031C6U6, STM32C031F4P3, STM32C031F4P6, STM32C031F6P3, STM32C031F6P6, STM32C031G4U3, STM32C031G4U6, STM32C031G6U3, STM32C031G6U6, STM32C031K4T3, STM32C031K4T6, STM32C031K4U3, STM32C031K4U6, STM32C031K6T3, STM32C031K6T6, STM32C031K6U3, STM32C031K6U6, STM32G071K8TXN, STM32G071K8UXN, STM32G081GBU6N, STM32G081KBT6N, STM32G081KBUXN, STM32G0B1CCT6N, STM32G0B1KCT6, STM32G0B1NEY6TR, STM32G0B1RCT6N, STM32G0C1CCT6, STM32G0C1CCT6N, STM32G0C1CCU6N, STM32G0C1CET6N, STM32G0C1CEU6N, STM32G0C1KCT6, STM32G0C1NEY6TR, STM32G0C1RCI6N, STM32G0C1RCT6N, STM32G0C1REI6N, STM32G0C1RET6N, STM32G0C1VCI6, STM32G0C1VEI6, STM32G471CCT6, STM32G471CCU6, STM32G471CET3, STM32G471CET6, STM32G471CEU3, STM32G471CEU6, STM32G471MCT6, STM32G471MET3, STM32G471MET6, STM32G471MEY6TR, STM32G471QCT6, STM32G471QET3, STM32G471RCT6, STM32G471RET3, STM32G471RET6, STM32G471VCH6, STM32G471VCI6, STM32G471VCT6, STM32G471VEH3, STM32G471VEH6, STM32G471VEI3, STM32G471VEI6, STM32G471VET3, STM32G471VET6, STM32G474CCT6, STM32L476VGY6PTR, STM32L4R5QGI6STR, STM32MP131AAE3, STM32MP131AAF3, STM32MP131AAG3, STM32MP131CAE3, STM32MP131CAF3, STM32MP131CAG3, STM32MP131DAE7, STM32MP131DAF7, STM32MP131DAG7, STM32MP131FAE7, STM32MP131FAF7, STM32MP131FAG7, STM32MP133AAE3, STM32MP133AAF3, STM32MP133AAG3, STM32MP133CAE3, STM32MP133CAF3, STM32MP133CAG3, STM32MP133DAE7, STM32MP133DAF7, STM32MP133DAG7, STM32MP133FAE7, STM32MP133FAF7, STM32MP133FAG7, STM32MP135AAE3, STM32MP135AAF3, STM32MP135AAG3, STM32MP135CAE3, STM32MP135CAF3, STM32MP135CAG3, STM32MP135DAE7, STM32MP135DAF7, STM32MP135DAG7, STM32MP135F-DK, STM32MP135FAE7, STM32MP135FAF7, STM32MP135FAF7T, STM32MP135FAF7U, STM32MP135FAG7, STM32U595ZJT6Q, STM32U599BJY6QTR, STM32U599NIH6Q, STM32U599NJH6Q, STM32U5A5ZJT6Q, STM32U5A9BJY6QTR, STM32U5A9NJH6Q, STM32WB1MMCH6, STM32WL5MOCH6TR]
2023-12-01 19:39:27,570 [INFO] DbMcus:215 - Found 3853 MCUs, 3853 are supported
2023-12-01 19:39:27,573 [INFO] ApiDb:422 - Load user favorites file C:\Users\zashr/.stm32cubeide/favorites.mcus.txt: 0 item(s)
2023-12-01 19:39:27,573 [INFO] ApiDb:426 - User favorites MCUs=[]
2023-12-01 19:39:27,574 [INFO] DbMcus:221 - Set 0 / 0 favorites MCUs
2023-12-01 19:39:28,008 [WARN] ThirdParty:807 - waiting for thirdparty lock release [change project]
2023-12-01 19:39:28,008 [INFO] ThirdParty:809 - entering critical section [change project]
2023-12-01 19:39:28,008 [INFO] ThirdParty:999 - CMSIS Pack Vendor :STMicroelectronics X-CUBE-GNSS1 6.0.0
2023-12-01 19:39:28,008 [INFO] ThirdParty:999 - CMSIS Pack Vendor :STMicroelectronics USB_HOST 2.0.0
2023-12-01 19:39:28,008 [INFO] ThirdParty:999 - CMSIS Pack Vendor :STMicroelectronics X-CUBE-AZRTOS-F4 1.1.0
2023-12-01 19:39:28,008 [INFO] ThirdParty:999 - CMSIS Pack Vendor :STMicroelectronics LIBJPEG 8.0.0
2023-12-01 19:39:28,008 [INFO] ThirdParty:999 - CMSIS Pack Vendor :STMicroelectronics X-CUBE-SMBUS 2.1.0
2023-12-01 19:39:28,008 [INFO] ThirdParty:999 - CMSIS Pack Vendor :STMicroelectronics X-CUBE-BLEMGR 1.2.0
2023-12-01 19:39:28,009 [INFO] ThirdParty:999 - CMSIS Pack Vendor :STMicroelectronics X-CUBE-AZRTOS-F7 1.1.0
2023-12-01 19:39:28,009 [INFO] ThirdParty:999 - CMSIS Pack Vendor :STMicroelectronics X-CUBE-AZRTOS-L5 2.0.0
2023-12-01 19:39:28,009 [INFO] ThirdParty:999 - CMSIS Pack Vendor :STMicroelectronics USB_DEVICE 2.0.0
2023-12-01 19:39:28,009 [INFO] ThirdParty:999 - CMSIS Pack Vendor :STMicroelectronics X-CUBE-MEMS1 9.6.0
2023-12-01 19:39:28,009 [INFO] ThirdParty:999 - CMSIS Pack Vendor :STMicroelectronics X-CUBE-EEPRMA1 4.2.0
2023-12-01 19:39:28,009 [INFO] ThirdParty:999 - CMSIS Pack Vendor :ITTIA_DB I-CUBE-ITTIADB 8.8.0
2023-12-01 19:39:28,009 [INFO] ThirdParty:999 - CMSIS Pack Vendor :STMicroelectronics FP-SNS-MOTENV1 4.3.2
2023-12-01 19:39:28,009 [INFO] ThirdParty:999 - CMSIS Pack Vendor :STMicroelectronics X-CUBE-BLE1 6.2.3
2023-12-01 19:39:28,009 [INFO] ThirdParty:999 - CMSIS Pack Vendor :STMicroelectronics X-CUBE-BLE1 6.2.4
2023-12-01 19:39:28,009 [INFO] ThirdParty:999 - CMSIS Pack Vendor :STMicroelectronics FreeRTOS 0.0.1
2023-12-01 19:39:28,009 [INFO] ThirdParty:999 - CMSIS Pack Vendor :STMicroelectronics X-CUBE-BLEMGR 2.0.0
2023-12-01 19:39:28,009 [INFO] ThirdParty:999 - CMSIS Pack Vendor :STMicroelectronics FP-SNS-FLIGHT1 5.0.2
2023-12-01 19:39:28,009 [INFO] ThirdParty:999 - CMSIS Pack Vendor :STMicroelectronics X-CUBE-NFC4 2.0.5
2023-12-01 19:39:28,009 [INFO] ThirdParty:999 - CMSIS Pack Vendor :STMicroelectronics X-CUBE-NFC4 2.0.4
2023-12-01 19:39:28,009 [INFO] ThirdParty:999 - CMSIS Pack Vendor :STMicroelectronics X-CUBE-AZRTOS-H7 3.1.0
2023-12-01 19:39:28,009 [INFO] ThirdParty:999 - CMSIS Pack Vendor :STMicroelectronics PDM2PCM 3.3.0
2023-12-01 19:39:28,010 [INFO] ThirdParty:999 - CMSIS Pack Vendor :STMicroelectronics X-CUBE-DISPLAY 3.0.0
2023-12-01 19:39:28,010 [INFO] ThirdParty:999 - CMSIS Pack Vendor :STMicroelectronics X-CUBE-BLE1 7.0.0
2023-12-01 19:39:28,010 [INFO] ThirdParty:999 - CMSIS Pack Vendor :wolfSSL I-CUBE-wolfSSL 5.5.1
2023-12-01 19:39:28,010 [INFO] ThirdParty:999 - CMSIS Pack Vendor :STMicroelectronics HAL Drivers 0.0.0
2023-12-01 19:39:28,010 [INFO] ThirdParty:999 - CMSIS Pack Vendor :STMicroelectronics X-CUBE-NFC7 1.0.1
2023-12-01 19:39:28,010 [INFO] ThirdParty:999 - CMSIS Pack Vendor :STMicroelectronics MBEDTLS 2.14.1
2023-12-01 19:39:28,010 [INFO] ThirdParty:999 - CMSIS Pack Vendor :STMicroelectronics X-CUBE-NFC7 1.0.0
2023-12-01 19:39:28,010 [INFO] ThirdParty:999 - CMSIS Pack Vendor :STMicroelectronics X-CUBE-TOUCHGFX 4.22.1
2023-12-01 19:39:28,010 [INFO] ThirdParty:999 - CMSIS Pack Vendor :STMicroelectronics X-CUBE-NFC6 3.0.0
2023-12-01 19:39:28,010 [INFO] ThirdParty:999 - CMSIS Pack Vendor :STMicroelectronics X-CUBE-MEMS1 9.3.0
2023-12-01 19:39:28,010 [INFO] ThirdParty:999 - CMSIS Pack Vendor :STMicroelectronics X-CUBE-EEPRMA1 4.1.0
2023-12-01 19:39:28,010 [INFO] ThirdParty:999 - CMSIS Pack Vendor :STMicroelectronics X-CUBE-AI 7.2.0
2023-12-01 19:39:28,010 [INFO] ThirdParty:999 - CMSIS Pack Vendor :STMicroelectronics FP-SNS-SMARTAG2 1.2.0
2023-12-01 19:39:28,010 [INFO] ThirdParty:999 - CMSIS Pack Vendor :STMicroelectronics X-CUBE-AZRTOS-WL 2.0.0
2023-12-01 19:39:28,010 [INFO] ThirdParty:999 - CMSIS Pack Vendor :STMicroelectronics USB_DEVICE 1.0.0
2023-12-01 19:39:28,010 [INFO] ThirdParty:999 - CMSIS Pack Vendor :STMicroelectronics X-CUBE-AI 8.1.0
2023-12-01 19:39:28,010 [INFO] ThirdParty:999 - CMSIS Pack Vendor :STMicroelectronics X-CUBE-AZRTOS-L4 2.0.0
2023-12-01 19:39:28,010 [INFO] ThirdParty:999 - CMSIS Pack Vendor :STMicroelectronics ThreadX 0.0.2
2023-12-01 19:39:28,010 [INFO] ThirdParty:999 - CMSIS Pack Vendor :WES I-CUBE-Cesium 1.3.0
2023-12-01 19:39:28,010 [INFO] ThirdParty:999 - CMSIS Pack Vendor :STMicroelectronics lwIP 2.1.2
2023-12-01 19:39:28,011 [INFO] ThirdParty:999 - CMSIS Pack Vendor :STMicroelectronics X-CUBE-SFXS2LP1 4.0.0
2023-12-01 19:39:28,011 [INFO] ThirdParty:999 - CMSIS Pack Vendor :STMicroelectronics X-CUBE-BLE2 3.3.0
2023-12-01 19:39:28,011 [INFO] ThirdParty:999 - CMSIS Pack Vendor :STMicroelectronics X-CUBE-DISPLAY 2.2.0
2023-12-01 19:39:28,011 [INFO] ThirdParty:999 - CMSIS Pack Vendor :STMicroelectronics X-CUBE-TOF1 3.2.0
2023-12-01 19:39:28,011 [INFO] ThirdParty:999 - CMSIS Pack Vendor :STMicroelectronics PDM2PCM 3.2.0
2023-12-01 19:39:28,011 [INFO] ThirdParty:999 - CMSIS Pack Vendor :STMicroelectronics X-CUBE-AZRTOS-H7 3.0.0
2023-12-01 19:39:28,011 [INFO] ThirdParty:999 - CMSIS Pack Vendor :STMicroelectronics X-CUBE-ISPU 1.0.0
2023-12-01 19:39:28,011 [INFO] ThirdParty:999 - CMSIS Pack Vendor :STMicroelectronics X-CUBE-ISPU 1.1.0
2023-12-01 19:39:28,011 [INFO] ThirdParty:999 - CMSIS Pack Vendor :RoweBots I-CUBE-UNISONRTOS 5.5.0-4
2023-12-01 19:39:28,011 [INFO] ThirdParty:999 - CMSIS Pack Vendor :STMicroelectronics X-CUBE-AZRTOS-H7 2.1.0
2023-12-01 19:39:28,011 [INFO] ThirdParty:999 - CMSIS Pack Vendor :STMicroelectronics USB_DEVICE 3.0.0
2023-12-01 19:39:28,011 [INFO] ThirdParty:999 - CMSIS Pack Vendor :STMicroelectronics X-CUBE-AI 8.0.0
2023-12-01 19:39:28,011 [INFO] ThirdParty:999 - CMSIS Pack Vendor :STMicroelectronics X-CUBE-AZRTOS-WB 2.0.0
2023-12-01 19:39:28,011 [INFO] ThirdParty:999 - CMSIS Pack Vendor :STMicroelectronics X-CUBE-FREERTOS 1.0.0
2023-12-01 19:39:28,011 [INFO] ThirdParty:999 - CMSIS Pack Vendor :STMicroelectronics X-CUBE-FREERTOS 1.0.1
2023-12-01 19:39:28,011 [INFO] ThirdParty:999 - CMSIS Pack Vendor :STMicroelectronics X-CUBE-TOUCHGFX 4.21.1
2023-12-01 19:39:28,011 [INFO] ThirdParty:999 - CMSIS Pack Vendor :STMicroelectronics X-CUBE-TOUCHGFX 4.21.3
2023-12-01 19:39:28,011 [INFO] ThirdParty:999 - CMSIS Pack Vendor :STMicroelectronics X-CUBE-MEMS1 9.4.0
2023-12-01 19:39:28,011 [INFO] ThirdParty:999 - CMSIS Pack Vendor :STMicroelectronics X-CUBE-AI 7.3.0
2023-12-01 19:39:28,011 [INFO] ThirdParty:999 - CMSIS Pack Vendor :STMicroelectronics X-CUBE-ALGOBUILD 1.3.0
2023-12-01 19:39:28,011 [INFO] ThirdParty:999 - CMSIS Pack Vendor :STMicroelectronics X-CUBE-AZRTOS-L5 1.1.0
2023-12-01 19:39:28,012 [INFO] ThirdParty:999 - CMSIS Pack Vendor :STMicroelectronics X-CUBE-AZRTOS-G0 1.1.0
2023-12-01 19:39:28,012 [INFO] ThirdParty:999 - CMSIS Pack Vendor :STMicroelectronics X-CUBE-NFC4 3.0.0
2023-12-01 19:39:28,012 [INFO] ThirdParty:999 - CMSIS Pack Vendor :STMicroelectronics X-CUBE-SUBG2 5.0.0
2023-12-01 19:39:28,012 [INFO] ThirdParty:999 - CMSIS Pack Vendor :STMicroelectronics STM32_WPAN 1.0.0
2023-12-01 19:39:28,012 [INFO] ThirdParty:999 - CMSIS Pack Vendor :SEGGER I-CUBE-embOS 1.2.1
2023-12-01 19:39:28,012 [INFO] ThirdParty:999 - CMSIS Pack Vendor :STMicroelectronics lwIP 2.0.3
2023-12-01 19:39:28,012 [INFO] ThirdParty:999 - CMSIS Pack Vendor :STMicroelectronics USB_HOST 1.0.0
2023-12-01 19:39:28,012 [INFO] ThirdParty:999 - CMSIS Pack Vendor :STMicroelectronics X-CUBE-TOF1 3.3.1
2023-12-01 19:39:28,012 [INFO] ThirdParty:999 - CMSIS Pack Vendor :STMicroelectronics X-CUBE-AZRTOS-G4 2.0.0
2023-12-01 19:39:28,012 [INFO] ThirdParty:999 - CMSIS Pack Vendor :STMicroelectronics PDM2PCM 3.1.0
2023-12-01 19:39:28,012 [INFO] ThirdParty:999 - CMSIS Pack Vendor :STMicroelectronics X-CUBE-TOF1 3.3.0
2023-12-01 19:39:28,012 [INFO] ThirdParty:999 - CMSIS Pack Vendor :STMicroelectronics FP-ATR-ASTRA1 1.1.1
2023-12-01 19:39:28,012 [INFO] ThirdParty:999 - CMSIS Pack Vendor :Infineon AIROC-Wi-Fi-Bluetooth-STM32 1.5.1
2023-12-01 19:39:28,012 [INFO] ThirdParty:999 - CMSIS Pack Vendor :STMicroelectronics X-CUBE-BLEMGR 3.0.0
2023-12-01 19:39:28,012 [INFO] ThirdParty:999 - CMSIS Pack Vendor :STMicroelectronics X-CUBE-BLEMGR 1.3.0
2023-12-01 19:39:28,012 [INFO] ThirdParty:999 - CMSIS Pack Vendor :STMicroelectronics FP-SNS-MOTENVWB1 1.3.0
2023-12-01 19:39:28,012 [INFO] ThirdParty:999 - CMSIS Pack Vendor :STMicroelectronics FP-ATR-SIGFOX1 3.2.0
2023-12-01 19:39:28,012 [INFO] ThirdParty:999 - CMSIS Pack Vendor :STMicroelectronics X-CUBE-AZRTOS-G4 1.0.0
2023-12-01 19:39:28,012 [INFO] ThirdParty:999 - CMSIS Pack Vendor :STMicroelectronics X-CUBE-AZRTOS-L4 1.0.0
2023-12-01 19:39:28,012 [INFO] ThirdParty:999 - CMSIS Pack Vendor :STMicroelectronics MBEDTLS 2.16.2
2023-12-01 19:39:28,012 [INFO] ThirdParty:999 - CMSIS Pack Vendor :emotas I-CUBE-CANOPEN 1.1.2
2023-12-01 19:39:28,012 [INFO] ThirdParty:999 - CMSIS Pack Vendor :STMicroelectronics X-CUBE-TOUCHGFX 4.20.0
2023-12-01 19:39:28,013 [INFO] ThirdParty:999 - CMSIS Pack Vendor :STMicroelectronics X-CUBE-MEMS1 10.0.0
2023-12-01 19:39:28,013 [INFO] ThirdParty:999 - CMSIS Pack Vendor :STMicroelectronics X-CUBE-FREERTOS 1.1.0
2023-12-01 19:39:28,013 [INFO] ThirdParty:999 - CMSIS Pack Vendor :STMicroelectronics X-CUBE-AZRTOS-WL 1.0.0
2023-12-01 19:39:28,013 [INFO] ThirdParty:999 - CMSIS Pack Vendor :portGmbH I-Cube-SoM-uGOAL 1.1.0
2023-12-01 19:39:28,013 [INFO] ThirdParty:999 - CMSIS Pack Vendor :STMicroelectronics X-CUBE-ALS 1.0.1
2023-12-01 19:39:28,013 [INFO] ThirdParty:999 - CMSIS Pack Vendor :STMicroelectronics X-CUBE-MEMS1 9.5.0
2023-12-01 19:39:28,013 [INFO] ThirdParty:999 - CMSIS Pack Vendor :STMicroelectronics ThreadX 1.0.0
2023-12-01 19:39:28,013 [INFO] ThirdParty:999 - CMSIS Pack Vendor :STMicroelectronics X-CUBE-AZRTOS-WB 1.1.0
2023-12-01 19:39:28,013 [INFO] ThirdParty:999 - CMSIS Pack Vendor :SEGGER I-CUBE-embOS 1.3.1
2023-12-01 19:39:28,013 [INFO] ThirdParty:999 - CMSIS Pack Vendor :STMicroelectronics X-CUBE-AZRTOS-L5 1.0.0
2023-12-01 19:39:28,013 [INFO] ThirdParty:999 - CMSIS Pack Vendor :STMicroelectronics X-CUBE-EEPRMA1 3.1.1
2023-12-01 19:39:28,013 [INFO] ThirdParty:999 - CMSIS Pack Vendor :STMicroelectronics FP-ATR-ASTRA1 2.0.0
2023-12-01 19:39:28,013 [INFO] ThirdParty:999 - CMSIS Pack Vendor :STMicroelectronics X-CUBE-TOF1 3.4.0
2023-12-01 19:39:28,013 [INFO] ThirdParty:815 - exiting critical section [change project]
2023-12-01 19:39:28,683 [INFO] PinOutPanel:1477 - setPackage(No Configuration,No Configuration)
2023-12-01 19:39:28,686 [INFO] PinOutPanel:1477 - setPackage(STM32F429ZITx,LQFP144)
2023-12-01 19:39:29,786 [INFO] UtilMem:74 - Before build in PCC Used Memory: 602632256 Bytes (713031680)
2023-12-01 19:39:31,697 [INFO] UtilMem:74 - After build in PCC Used Memory: 585581760 Bytes (713031680)
2023-12-01 19:39:31,872 [INFO] ApiDbMcu:505 - Load IP Config File for FREERTOS
2023-12-01 19:39:31,940 [INFO] IPUIPlugin:79 - create IPUIPlugin
2023-12-01 19:39:31,940 [INFO] IPUIPlugin:79 - create IPUIPlugin
2023-12-01 19:39:31,941 [INFO] IPUIPlugin:79 - create IPUIPlugin
2023-12-01 19:39:31,942 [INFO] IPUIPlugin:79 - create IPUIPlugin
2023-12-01 19:39:31,942 [INFO] IPUIPlugin:79 - create IPUIPlugin
2023-12-01 19:39:31,943 [INFO] IPUIPlugin:79 - create IPUIPlugin
2023-12-01 19:39:31,943 [INFO] IPUIPlugin:79 - create IPUIPlugin
2023-12-01 19:39:31,943 [INFO] IPUIPlugin:79 - create IPUIPlugin
2023-12-01 19:39:31,944 [INFO] IPUIPlugin:79 - create IPUIPlugin
2023-12-01 19:39:31,945 [INFO] IPUIPlugin:79 - create IPUIPlugin
2023-12-01 19:39:31,950 [INFO] IPUIPlugin:79 - create IPUIPlugin
2023-12-01 19:39:31,950 [INFO] IPUIPlugin:79 - create IPUIPlugin
2023-12-01 19:39:31,951 [INFO] IPUIPlugin:79 - create IPUIPlugin
2023-12-01 19:39:31,952 [INFO] IPUIPlugin:79 - create IPUIPlugin
2023-12-01 19:39:31,955 [INFO] IPUIPlugin:79 - create IPUIPlugin
2023-12-01 19:39:31,955 [INFO] IPUIPlugin:79 - create IPUIPlugin
2023-12-01 19:39:31,955 [INFO] IPUIPlugin:79 - create IPUIPlugin
2023-12-01 19:39:31,955 [INFO] IPUIPlugin:79 - create IPUIPlugin
2023-12-01 19:39:31,955 [INFO] IPUIPlugin:79 - create IPUIPlugin
2023-12-01 19:39:31,956 [INFO] IPUIPlugin:79 - create IPUIPlugin
2023-12-01 19:39:31,956 [INFO] IPUIPlugin:79 - create IPUIPlugin
2023-12-01 19:39:31,956 [INFO] IPUIPlugin:79 - create IPUIPlugin
2023-12-01 19:39:31,956 [INFO] IPUIPlugin:79 - create IPUIPlugin
2023-12-01 19:39:31,956 [INFO] IPUIPlugin:79 - create IPUIPlugin
2023-12-01 19:39:31,957 [INFO] IPUIPlugin:79 - create IPUIPlugin
2023-12-01 19:39:31,957 [INFO] IPUIPlugin:79 - create IPUIPlugin
2023-12-01 19:39:31,957 [INFO] IPUIPlugin:79 - create IPUIPlugin
2023-12-01 19:39:31,957 [INFO] IPUIPlugin:79 - create IPUIPlugin
2023-12-01 19:39:31,957 [INFO] IPUIPlugin:79 - create IPUIPlugin
2023-12-01 19:39:31,957 [INFO] IPUIPlugin:79 - create IPUIPlugin
2023-12-01 19:39:31,958 [INFO] IPUIPlugin:79 - create IPUIPlugin
2023-12-01 19:39:31,958 [INFO] IPUIPlugin:79 - create IPUIPlugin
2023-12-01 19:39:31,958 [INFO] IPUIPlugin:79 - create IPUIPlugin
2023-12-01 19:39:31,958 [INFO] IPUIPlugin:79 - create IPUIPlugin
2023-12-01 19:39:31,958 [INFO] IPUIPlugin:79 - create IPUIPlugin
2023-12-01 19:39:31,959 [INFO] IPUIPlugin:79 - create IPUIPlugin
2023-12-01 19:39:31,959 [INFO] IPUIPlugin:79 - create IPUIPlugin
2023-12-01 19:39:31,959 [INFO] IPUIPlugin:79 - create IPUIPlugin
2023-12-01 19:39:31,959 [INFO] IPUIPlugin:79 - create IPUIPlugin
2023-12-01 19:39:31,959 [INFO] IPUIPlugin:79 - create IPUIPlugin
2023-12-01 19:39:31,960 [INFO] IPUIPlugin:79 - create IPUIPlugin
2023-12-01 19:39:31,960 [INFO] IPUIPlugin:79 - create IPUIPlugin
2023-12-01 19:39:31,960 [INFO] IPUIPlugin:79 - create IPUIPlugin
2023-12-01 19:39:31,961 [INFO] IPUIPlugin:79 - create IPUIPlugin
2023-12-01 19:39:31,961 [INFO] IPUIPlugin:79 - create IPUIPlugin
2023-12-01 19:39:31,961 [INFO] IPUIPlugin:79 - create IPUIPlugin
2023-12-01 19:39:31,961 [INFO] IPUIPlugin:79 - create IPUIPlugin
2023-12-01 19:39:31,961 [INFO] IPUIPlugin:79 - create IPUIPlugin
2023-12-01 19:39:31,962 [INFO] IPUIPlugin:79 - create IPUIPlugin
2023-12-01 19:39:31,962 [INFO] IPUIPlugin:79 - create IPUIPlugin
2023-12-01 19:39:31,962 [INFO] IPUIPlugin:79 - create IPUIPlugin
2023-12-01 19:39:31,962 [INFO] IPUIPlugin:79 - create IPUIPlugin
2023-12-01 19:39:31,963 [INFO] IPUIPlugin:79 - create IPUIPlugin
2023-12-01 19:39:31,963 [INFO] IPUIPlugin:79 - create IPUIPlugin
2023-12-01 19:39:31,963 [INFO] IPUIPlugin:79 - create IPUIPlugin
2023-12-01 19:39:31,963 [INFO] IPUIPlugin:79 - create IPUIPlugin
2023-12-01 19:39:31,964 [INFO] IPUIPlugin:79 - create IPUIPlugin
2023-12-01 19:39:31,964 [INFO] IPUIPlugin:79 - create IPUIPlugin
2023-12-01 19:39:31,964 [INFO] IPUIPlugin:79 - create IPUIPlugin
2023-12-01 19:39:31,965 [INFO] IPUIPlugin:79 - create IPUIPlugin
2023-12-01 19:39:31,965 [INFO] IPUIPlugin:79 - create IPUIPlugin
2023-12-01 19:39:31,966 [INFO] IPUIPlugin:79 - create IPUIPlugin
2023-12-01 19:39:31,966 [INFO] IPUIPlugin:79 - create IPUIPlugin
2023-12-01 19:39:31,966 [INFO] IPUIPlugin:79 - create IPUIPlugin
2023-12-01 19:39:31,967 [INFO] IPUIPlugin:79 - create IPUIPlugin
2023-12-01 19:39:31,967 [INFO] IPUIPlugin:79 - create IPUIPlugin
2023-12-01 19:39:32,013 [INFO] ApiDbMcu:505 - Load IP Config File for PDM2PCM
2023-12-01 19:39:32,131 [WARN] FreeRTOS:1022 - Null or empty value: should not occur! (nothing added to the table)
2023-12-01 19:39:32,579 [INFO] CADModel:164 - CPN selected for project levelSTM32F429ZIT6
2023-12-01 19:39:32,579 [INFO] CADModel:113 - Register for checkConnection events
2023-12-01 19:39:32,583 [INFO] RtosManager:615 - Active RTOS found at IOC load: FREERTOS [Cortex-M4NS]
2023-12-01 19:39:32,645 [INFO] OpenFileManager:327 - Restore cursor
2023-12-01 19:46:50,319 [ERROR] ConfigurationRetriever:140 - IOException on connection: citools.st.com
2023-12-01 19:46:50,319 [ERROR] ConfigurationRetriever:140 - IOException on connection: citools.st.com
2023-12-01 19:46:50,319 [ERROR] ConfigurationRetriever:140 - IOException on connection: citools.st.com
2023-12-01 19:46:50,726 [INFO] JxBrowserEngine:114 - Initiate JxBrowser Engine with user profile folder
2023-12-01 19:46:54,680 [INFO] WebAppUi:459 - Close the Jxbrowser engine manually
2023-12-01 19:46:54,716 [INFO] WebAppUi:462 - Profiles folder deleted
2023-12-01 19:46:54,976 [ERROR] LogOutputStream:74 - [STDERR_REDIRECT] 
2023-12-02 17:41:52,534 [INFO] Activator:179 - 


2023-12-02 17:41:52,535 [INFO] Activator:180 - !SESSION log4j initialized
2023-12-02 17:42:03,302 [ERROR] ConfigurationRetriever:140 - IOException on connection: citools.st.com
2023-12-02 17:42:03,303 [ERROR] ConfigurationRetriever:140 - IOException on connection: citools.st.com
2023-12-02 17:42:03,303 [ERROR] ConfigurationRetriever:140 - IOException on connection: citools.st.com
2023-12-02 17:42:17,851 [ERROR] LogOutputStream:74 - [STDERR_REDIRECT] SLF4J: Failed to load class "org.slf4j.impl.StaticLoggerBinder".
2023-12-02 17:42:17,852 [ERROR] LogOutputStream:74 - [STDERR_REDIRECT] SLF4J: Defaulting to no-operation (NOP) logger implementation
2023-12-02 17:42:17,853 [ERROR] LogOutputStream:74 - [STDERR_REDIRECT] SLF4J: See http://www.slf4j.org/codes.html#StaticLoggerBinder for further details.
2023-12-02 17:46:04,649 [ERROR] ConfigurationRetriever:140 - IOException on connection: citools.st.com
2023-12-02 17:46:04,650 [ERROR] ConfigurationRetriever:140 - IOException on connection: citools.st.com
2023-12-02 17:46:04,650 [ERROR] ConfigurationRetriever:140 - IOException on connection: citools.st.com
2023-12-02 19:28:48,674 [INFO] Activator:179 - 


2023-12-02 19:28:48,675 [INFO] Activator:180 - !SESSION log4j initialized
2023-12-02 19:28:58,902 [ERROR] ConfigurationRetriever:140 - IOException on connection: citools.st.com
2023-12-02 19:28:58,905 [ERROR] ConfigurationRetriever:140 - IOException on connection: citools.st.com
2023-12-02 19:28:58,905 [ERROR] ConfigurationRetriever:140 - IOException on connection: citools.st.com
2023-12-02 19:29:13,500 [ERROR] LogOutputStream:74 - [STDERR_REDIRECT] SLF4J: Failed to load class "org.slf4j.impl.StaticLoggerBinder".
2023-12-02 19:29:13,501 [ERROR] LogOutputStream:74 - [STDERR_REDIRECT] SLF4J: Defaulting to no-operation (NOP) logger implementation
2023-12-02 19:29:13,502 [ERROR] LogOutputStream:74 - [STDERR_REDIRECT] SLF4J: See http://www.slf4j.org/codes.html#StaticLoggerBinder for further details.
2023-12-02 19:33:23,476 [ERROR] ConfigurationRetriever:140 - IOException on connection: citools.st.com
2023-12-02 19:33:23,477 [ERROR] ConfigurationRetriever:140 - IOException on connection: citools.st.com
2023-12-02 19:33:23,478 [ERROR] ConfigurationRetriever:140 - IOException on connection: citools.st.com
2023-12-02 19:38:30,389 [INFO] Activator:179 - 


2023-12-02 19:38:30,393 [INFO] Activator:180 - !SESSION log4j initialized
2023-12-02 19:38:41,785 [ERROR] ConfigurationRetriever:140 - IOException on connection: citools.st.com
2023-12-02 19:38:41,808 [ERROR] ConfigurationRetriever:140 - IOException on connection: citools.st.com
2023-12-02 19:38:41,809 [ERROR] ConfigurationRetriever:140 - IOException on connection: citools.st.com
2023-12-02 19:38:59,081 [ERROR] LogOutputStream:74 - [STDERR_REDIRECT] SLF4J: Failed to load class "org.slf4j.impl.StaticLoggerBinder".
2023-12-02 19:38:59,081 [ERROR] LogOutputStream:74 - [STDERR_REDIRECT] SLF4J: Defaulting to no-operation (NOP) logger implementation
2023-12-02 19:38:59,083 [ERROR] LogOutputStream:74 - [STDERR_REDIRECT] SLF4J: See http://www.slf4j.org/codes.html#StaticLoggerBinder for further details.
2023-12-02 19:51:01,055 [ERROR] ConfigurationRetriever:140 - IOException on connection: citools.st.com
2023-12-02 19:51:01,057 [ERROR] ConfigurationRetriever:140 - IOException on connection: citools.st.com
2023-12-02 19:51:01,057 [ERROR] ConfigurationRetriever:140 - IOException on connection: citools.st.com
2023-12-03 06:18:26,356 [INFO] Activator:179 - 


2023-12-03 06:18:26,358 [INFO] Activator:180 - !SESSION log4j initialized
2023-12-03 06:18:35,315 [ERROR] ConfigurationRetriever:140 - IOException on connection: citools.st.com
2023-12-03 06:18:35,317 [ERROR] ConfigurationRetriever:140 - IOException on connection: citools.st.com
2023-12-03 06:18:35,318 [ERROR] ConfigurationRetriever:140 - IOException on connection: citools.st.com
2023-12-03 06:18:52,028 [ERROR] LogOutputStream:74 - [STDERR_REDIRECT] SLF4J: Failed to load class "org.slf4j.impl.StaticLoggerBinder".
2023-12-03 06:18:52,028 [ERROR] LogOutputStream:74 - [STDERR_REDIRECT] SLF4J: Defaulting to no-operation (NOP) logger implementation
2023-12-03 06:18:52,030 [ERROR] LogOutputStream:74 - [STDERR_REDIRECT] SLF4J: See http://www.slf4j.org/codes.html#StaticLoggerBinder for further details.
